Using pre-set license

 COMMAND LINE ARGUMENTS:
/Applications/Unity/Hub/Editor/2020.3.5f1/Unity.app/Contents/MacOS/Unity
-adb2
-batchMode
-noUpm
-name
AssetImportWorker0
-projectPath
/Users/jedsteward/Documents/GitHub/ApiDemoRun1
-logFile
Logs/AssetImportWorker0.log
-srvPort
50853
Successfully changed project path to: /Users/jedsteward/Documents/GitHub/ApiDemoRun1
/Users/jedsteward/Documents/GitHub/ApiDemoRun1
Using Asset Import Pipeline V2.
Refreshing native plugins compatible for Editor in 28.48 ms, found 1 plugins.
Preloading 0 native plugins for Editor in 0.00 ms.
Initialize engine version: 2020.3.5f1 (8095aa901b9b)
[Subsystems] Discovering subsystems at path /Applications/Unity/Hub/Editor/2020.3.5f1/Unity.app/Contents/Resources/UnitySubsystems
[Subsystems] Discovering subsystems at path /Users/jedsteward/Documents/GitHub/ApiDemoRun1/Assets
GfxDevice: creating device client; threaded=0
2021-04-25 12:18:05.629 Unity[65571:2906364] Color LCD preferred device: AMD Radeon Pro 455 (high power)
2021-04-25 12:18:05.629 Unity[65571:2906364] Metal devices available: 2
2021-04-25 12:18:05.629 Unity[65571:2906364] 0: AMD Radeon Pro 455 (high power)
2021-04-25 12:18:05.629 Unity[65571:2906364] 1: Intel(R) HD Graphics 530 (low power)
2021-04-25 12:18:05.630 Unity[65571:2906364] Using device AMD Radeon Pro 455 (high power)
Initializing Metal device caps: AMD Radeon Pro 455
Initialize mono
Mono path[0] = '/Applications/Unity/Hub/Editor/2020.3.5f1/Unity.app/Contents/Managed'
Mono path[1] = '/Applications/Unity/Hub/Editor/2020.3.5f1/Unity.app/Contents/MonoBleedingEdge/lib/mono/unityjit'
Mono config path = '/Applications/Unity/Hub/Editor/2020.3.5f1/Unity.app/Contents/MonoBleedingEdge/etc'
Using monoOptions --debugger-agent=transport=dt_socket,embedding=1,server=y,suspend=n,address=127.0.0.1:56571
Begin MonoManager ReloadAssembly
Registering precompiled unity dll's ...
Register platform support module: /Applications/Unity/Hub/Editor/2020.3.5f1/Unity.app/Contents/PlaybackEngines/MacStandaloneSupport/UnityEditor.OSXStandalone.Extensions.dll
Registered in 0.000599 seconds.
Native extension for OSXStandalone target not found
Refreshing native plugins compatible for Editor in 27.26 ms, found 1 plugins.
Preloading 0 native plugins for Editor in 0.00 ms.
Mono: successfully reloaded assembly
- Completed reload, in  2.708 seconds
Platform modules already initialized, skipping
Registering precompiled user dll's ...
Registered in 0.000531 seconds.
Begin MonoManager ReloadAssembly
Native extension for OSXStandalone target not found
Refreshing native plugins compatible for Editor in 0.28 ms, found 1 plugins.
Preloading 0 native plugins for Editor in 0.00 ms.
Mono: successfully reloaded assembly
- Completed reload, in  1.228 seconds
Platform modules already initialized, skipping
========================================================================
Worker process is ready to serve import requests
Launching external process: /Applications/Unity/Hub/Editor/2020.3.5f1/Unity.app/Contents/Tools/UnityShaderCompiler
Launched and connected shader compiler UnityShaderCompiler after 0.02 seconds
Refreshing native plugins compatible for Editor in 0.46 ms, found 1 plugins.
Preloading 0 native plugins for Editor in 0.00 ms.
Unloading 1115 Unused Serialized files (Serialized files now loaded: 0)
System memory in use before: 110.2 MB.
System memory in use after: 110.3 MB.

Unloading 9 unused Assets to reduce memory usage. Loaded Objects now: 1559.
Total: 3.542340 ms (FindLiveObjects: 0.195587 ms CreateObjectMapping: 0.051154 ms MarkObjects: 3.166007 ms  DeleteObjects: 0.128191 ms)

========================================================================
Received Import Request.
  path: Assets/Scenes
  artifactKey: Guid(d2d0876c1a00448459e21400452667e3) Importer(815301076,1909f56bfc062723c751e8b465ee728b)
Start importing Assets/Scenes using Guid(d2d0876c1a00448459e21400452667e3) Importer(815301076,1909f56bfc062723c751e8b465ee728b)  -> (artifact id: '34d2016c45bcbf0c404895f4d4836407') in 0.005525 seconds
  Import took 0.008107 seconds .

========================================================================
Received Import Request.
  Time since last request: 0.000220 seconds.
  path: Assets/Scenes/SampleScene.unity
  artifactKey: Guid(9fc0d4010bbf28b4594072e72b8655ab) Importer(815301076,1909f56bfc062723c751e8b465ee728b)
Start importing Assets/Scenes/SampleScene.unity using Guid(9fc0d4010bbf28b4594072e72b8655ab) Importer(815301076,1909f56bfc062723c751e8b465ee728b)  -> (artifact id: 'a64c1a37661c5b529bb2ff0b01f9ba76') in 0.012107 seconds
  Import took 0.014369 seconds .

========================================================================
Received Import Request.
  Time since last request: 105.638475 seconds.
  path: Assets/Scenes/WeatherController.cs
  artifactKey: Guid(4f6843429ac0b4760867c7925e8a17c1) Importer(815301076,1909f56bfc062723c751e8b465ee728b)
Start importing Assets/Scenes/WeatherController.cs using Guid(4f6843429ac0b4760867c7925e8a17c1) Importer(815301076,1909f56bfc062723c751e8b465ee728b)  -> (artifact id: '0372df0e37046c0fa23d588902a05bf6') in 0.387704 seconds
  Import took 0.389907 seconds .

========================================================================
Received Prepare
Registering precompiled user dll's ...
Registered in 0.000479 seconds.
Begin MonoManager ReloadAssembly
Native extension for OSXStandalone target not found
Refreshing native plugins compatible for Editor in 0.29 ms, found 1 plugins.
Preloading 0 native plugins for Editor in 0.00 ms.
Mono: successfully reloaded assembly
- Completed reload, in  1.263 seconds
Platform modules already initialized, skipping
Refreshing native plugins compatible for Editor in 0.28 ms, found 1 plugins.
Preloading 0 native plugins for Editor in 0.00 ms.
Unloading 1110 Unused Serialized files (Serialized files now loaded: 0)
System memory in use before: 114.6 MB.
System memory in use after: 114.7 MB.

Unloading 4 unused Assets to reduce memory usage. Loaded Objects now: 1562.
Total: 1.828841 ms (FindLiveObjects: 0.186572 ms CreateObjectMapping: 0.040971 ms MarkObjects: 1.587873 ms  DeleteObjects: 0.012366 ms)

========================================================================
Received Import Request.
  Time since last request: 488.629617 seconds.
  path: Assets/Scenes/WeatherController.cs
  artifactKey: Guid(4f6843429ac0b4760867c7925e8a17c1) Importer(815301076,1909f56bfc062723c751e8b465ee728b)
Start importing Assets/Scenes/WeatherController.cs using Guid(4f6843429ac0b4760867c7925e8a17c1) Importer(815301076,1909f56bfc062723c751e8b465ee728b)  -> (artifact id: 'd7e390f5ad8244e8ff8b29b1131d2723') in 0.007792 seconds
  Import took 0.010264 seconds .

========================================================================
Received Prepare
Registering precompiled user dll's ...
Registered in 0.000494 seconds.
Begin MonoManager ReloadAssembly
Native extension for OSXStandalone target not found
Refreshing native plugins compatible for Editor in 0.22 ms, found 1 plugins.
Preloading 0 native plugins for Editor in 0.00 ms.
Mono: successfully reloaded assembly
- Completed reload, in  1.204 seconds
Platform modules already initialized, skipping
Refreshing native plugins compatible for Editor in 0.26 ms, found 1 plugins.
Preloading 0 native plugins for Editor in 0.00 ms.
Unloading 1110 Unused Serialized files (Serialized files now loaded: 0)
System memory in use before: 114.8 MB.
System memory in use after: 114.9 MB.

Unloading 4 unused Assets to reduce memory usage. Loaded Objects now: 1565.
Total: 1.962322 ms (FindLiveObjects: 0.259646 ms CreateObjectMapping: 0.053663 ms MarkObjects: 1.631150 ms  DeleteObjects: 0.016602 ms)

========================================================================
Received Import Request.
  Time since last request: 314.221183 seconds.
  path: Assets/Scenes/WeatherController.cs
  artifactKey: Guid(4f6843429ac0b4760867c7925e8a17c1) Importer(815301076,1909f56bfc062723c751e8b465ee728b)
Start importing Assets/Scenes/WeatherController.cs using Guid(4f6843429ac0b4760867c7925e8a17c1) Importer(815301076,1909f56bfc062723c751e8b465ee728b)  -> (artifact id: '7094cc2fe9a66f2b634af72e1b1e04ce') in 0.012139 seconds
  Import took 0.014595 seconds .

========================================================================
Received Prepare
Registering precompiled user dll's ...
Registered in 0.000449 seconds.
Begin MonoManager ReloadAssembly
Native extension for OSXStandalone target not found
Refreshing native plugins compatible for Editor in 0.31 ms, found 1 plugins.
Preloading 0 native plugins for Editor in 0.00 ms.
Mono: successfully reloaded assembly
- Completed reload, in  1.216 seconds
Platform modules already initialized, skipping
Refreshing native plugins compatible for Editor in 0.41 ms, found 1 plugins.
Preloading 0 native plugins for Editor in 0.00 ms.
Unloading 1110 Unused Serialized files (Serialized files now loaded: 0)
System memory in use before: 115.0 MB.
System memory in use after: 115.1 MB.

Unloading 4 unused Assets to reduce memory usage. Loaded Objects now: 1568.
Total: 1.969497 ms (FindLiveObjects: 0.211873 ms CreateObjectMapping: 0.049386 ms MarkObjects: 1.689787 ms  DeleteObjects: 0.016503 ms)

========================================================================
Received Prepare
Registering precompiled user dll's ...
Registered in 0.000659 seconds.
Begin MonoManager ReloadAssembly
Native extension for OSXStandalone target not found
Refreshing native plugins compatible for Editor in 0.39 ms, found 1 plugins.
Preloading 0 native plugins for Editor in 0.00 ms.
Mono: successfully reloaded assembly
- Completed reload, in  1.254 seconds
Platform modules already initialized, skipping
Refreshing native plugins compatible for Editor in 0.25 ms, found 1 plugins.
Preloading 0 native plugins for Editor in 0.00 ms.
Unloading 1110 Unused Serialized files (Serialized files now loaded: 0)
System memory in use before: 115.2 MB.
System memory in use after: 115.3 MB.

Unloading 4 unused Assets to reduce memory usage. Loaded Objects now: 1571.
Total: 1.933340 ms (FindLiveObjects: 0.179063 ms CreateObjectMapping: 0.041648 ms MarkObjects: 1.696683 ms  DeleteObjects: 0.014902 ms)

========================================================================
Received Prepare
Registering precompiled user dll's ...
Registered in 0.000484 seconds.
Begin MonoManager ReloadAssembly
Native extension for OSXStandalone target not found
Refreshing native plugins compatible for Editor in 0.22 ms, found 1 plugins.
Preloading 0 native plugins for Editor in 0.00 ms.
Mono: successfully reloaded assembly
- Completed reload, in  1.206 seconds
Platform modules already initialized, skipping
Refreshing native plugins compatible for Editor in 0.36 ms, found 1 plugins.
Preloading 0 native plugins for Editor in 0.00 ms.
Unloading 1110 Unused Serialized files (Serialized files now loaded: 0)
System memory in use before: 115.3 MB.
System memory in use after: 115.4 MB.

Unloading 4 unused Assets to reduce memory usage. Loaded Objects now: 1574.
Total: 1.783917 ms (FindLiveObjects: 0.202988 ms CreateObjectMapping: 0.044570 ms MarkObjects: 1.520836 ms  DeleteObjects: 0.014071 ms)

========================================================================
Received Prepare
Registering precompiled user dll's ...
Registered in 0.000397 seconds.
Begin MonoManager ReloadAssembly
Native extension for OSXStandalone target not found
Refreshing native plugins compatible for Editor in 0.31 ms, found 1 plugins.
Preloading 0 native plugins for Editor in 0.00 ms.
Mono: successfully reloaded assembly
- Completed reload, in  1.192 seconds
Platform modules already initialized, skipping
Refreshing native plugins compatible for Editor in 0.26 ms, found 1 plugins.
Preloading 0 native plugins for Editor in 0.00 ms.
Unloading 1110 Unused Serialized files (Serialized files now loaded: 0)
System memory in use before: 115.5 MB.
System memory in use after: 115.6 MB.

Unloading 4 unused Assets to reduce memory usage. Loaded Objects now: 1577.
Total: 1.790130 ms (FindLiveObjects: 0.171335 ms CreateObjectMapping: 0.037330 ms MarkObjects: 1.565930 ms  DeleteObjects: 0.013483 ms)

